github.com/pingcap/tidb-operator/pkg/controller/controller_utils.go:48:				Error					100.0%
github.com/pingcap/tidb-operator/pkg/controller/controller_utils.go:53:				RequeueErrorf				100.0%
github.com/pingcap/tidb-operator/pkg/controller/controller_utils.go:58:				IsRequeueError				100.0%
github.com/pingcap/tidb-operator/pkg/controller/controller_utils.go:64:				GetOwnerRef				100.0%
github.com/pingcap/tidb-operator/pkg/controller/controller_utils.go:78:				GetServiceType				100.0%
github.com/pingcap/tidb-operator/pkg/controller/controller_utils.go:96:				TiKVCapacity				83.3%
github.com/pingcap/tidb-operator/pkg/controller/controller_utils.go:114:			GetSlowLogTailerImage			100.0%
github.com/pingcap/tidb-operator/pkg/controller/controller_utils.go:122:			PDMemberName				100.0%
github.com/pingcap/tidb-operator/pkg/controller/controller_utils.go:127:			PDPeerMemberName			100.0%
github.com/pingcap/tidb-operator/pkg/controller/controller_utils.go:132:			TiKVMemberName				100.0%
github.com/pingcap/tidb-operator/pkg/controller/controller_utils.go:137:			TiKVPeerMemberName			100.0%
github.com/pingcap/tidb-operator/pkg/controller/controller_utils.go:142:			TiDBMemberName				100.0%
github.com/pingcap/tidb-operator/pkg/controller/controller_utils.go:147:			TiDBPeerMemberName			100.0%
github.com/pingcap/tidb-operator/pkg/controller/controller_utils.go:152:			AnnProm					100.0%
github.com/pingcap/tidb-operator/pkg/controller/controller_utils.go:161:			MemberConfigMapName			100.0%
github.com/pingcap/tidb-operator/pkg/controller/controller_utils.go:167:			getConfigMapSuffix			100.0%
github.com/pingcap/tidb-operator/pkg/controller/controller_utils.go:179:			setIfNotEmpty				100.0%
github.com/pingcap/tidb-operator/pkg/controller/controller_utils.go:192:			errorReady				100.0%
github.com/pingcap/tidb-operator/pkg/controller/controller_utils.go:196:			inc					100.0%
github.com/pingcap/tidb-operator/pkg/controller/controller_utils.go:200:			reset					100.0%
github.com/pingcap/tidb-operator/pkg/controller/pd_control.go:22:				GetPDClient				100.0%
github.com/pingcap/tidb-operator/pkg/controller/pd_control.go:27:				NewFakePDClient				100.0%
github.com/pingcap/tidb-operator/pkg/controller/pod_control.go:51:				NewRealPodControl			100.0%
github.com/pingcap/tidb-operator/pkg/controller/pod_control.go:65:				UpdatePod				95.2%
github.com/pingcap/tidb-operator/pkg/controller/pod_control.go:99:				UpdateMetaInfo				86.2%
github.com/pingcap/tidb-operator/pkg/controller/pod_control.go:190:				DeletePod				0.0%
github.com/pingcap/tidb-operator/pkg/controller/pod_control.go:204:				recordPodEvent				100.0%
github.com/pingcap/tidb-operator/pkg/controller/pod_control.go:243:				NewFakePodControl			100.0%
github.com/pingcap/tidb-operator/pkg/controller/pod_control.go:255:				SetUpdatePodError			100.0%
github.com/pingcap/tidb-operator/pkg/controller/pod_control.go:261:				SetDeletePodError			100.0%
github.com/pingcap/tidb-operator/pkg/controller/pod_control.go:267:				SetGetClusterError			100.0%
github.com/pingcap/tidb-operator/pkg/controller/pod_control.go:273:				SetGetMemberError			100.0%
github.com/pingcap/tidb-operator/pkg/controller/pod_control.go:279:				SetGetStoreError			100.0%
github.com/pingcap/tidb-operator/pkg/controller/pod_control.go:285:				UpdateMetaInfo				100.0%
github.com/pingcap/tidb-operator/pkg/controller/pod_control.go:320:				DeletePod				100.0%
github.com/pingcap/tidb-operator/pkg/controller/pod_control.go:330:				UpdatePod				100.0%
github.com/pingcap/tidb-operator/pkg/controller/pv_control.go:49:				NewRealPVControl			100.0%
github.com/pingcap/tidb-operator/pkg/controller/pv_control.go:63:				PatchPVReclaimPolicy			100.0%
github.com/pingcap/tidb-operator/pkg/controller/pv_control.go:75:				UpdateMetaInfo				90.6%
github.com/pingcap/tidb-operator/pkg/controller/pv_control.go:160:				recordPVEvent				100.0%
github.com/pingcap/tidb-operator/pkg/controller/pv_control.go:185:				NewFakePVControl			100.0%
github.com/pingcap/tidb-operator/pkg/controller/pv_control.go:194:				SetUpdatePVError			100.0%
github.com/pingcap/tidb-operator/pkg/controller/pv_control.go:200:				PatchPVReclaimPolicy			100.0%
github.com/pingcap/tidb-operator/pkg/controller/pv_control.go:212:				UpdateMetaInfo				95.7%
github.com/pingcap/tidb-operator/pkg/controller/pvc_control.go:49:				NewRealPVCControl			100.0%
github.com/pingcap/tidb-operator/pkg/controller/pvc_control.go:60:				DeletePVC				0.0%
github.com/pingcap/tidb-operator/pkg/controller/pvc_control.go:73:				UpdatePVC				100.0%
github.com/pingcap/tidb-operator/pkg/controller/pvc_control.go:105:				UpdateMetaInfo				94.4%
github.com/pingcap/tidb-operator/pkg/controller/pvc_control.go:163:				recordPVCEvent				100.0%
github.com/pingcap/tidb-operator/pkg/controller/pvc_control.go:188:				NewFakePVCControl			100.0%
github.com/pingcap/tidb-operator/pkg/controller/pvc_control.go:197:				SetUpdatePVCError			100.0%
github.com/pingcap/tidb-operator/pkg/controller/pvc_control.go:203:				SetDeletePVCError			100.0%
github.com/pingcap/tidb-operator/pkg/controller/pvc_control.go:209:				DeletePVC				100.0%
github.com/pingcap/tidb-operator/pkg/controller/pvc_control.go:220:				UpdatePVC				100.0%
github.com/pingcap/tidb-operator/pkg/controller/pvc_control.go:231:				UpdateMetaInfo				100.0%
github.com/pingcap/tidb-operator/pkg/controller/service_control.go:53:				NewRealServiceControl			100.0%
github.com/pingcap/tidb-operator/pkg/controller/service_control.go:61:				CreateService				100.0%
github.com/pingcap/tidb-operator/pkg/controller/service_control.go:70:				UpdateService				88.9%
github.com/pingcap/tidb-operator/pkg/controller/service_control.go:98:				DeleteService				100.0%
github.com/pingcap/tidb-operator/pkg/controller/service_control.go:104:				recordServiceEvent			100.0%
github.com/pingcap/tidb-operator/pkg/controller/service_control.go:135:				NewFakeServiceControl			100.0%
github.com/pingcap/tidb-operator/pkg/controller/service_control.go:149:				SetCreateServiceError			100.0%
github.com/pingcap/tidb-operator/pkg/controller/service_control.go:155:				SetUpdateServiceError			100.0%
github.com/pingcap/tidb-operator/pkg/controller/service_control.go:161:				SetDeleteServiceError			0.0%
github.com/pingcap/tidb-operator/pkg/controller/service_control.go:167:				CreateService				81.8%
github.com/pingcap/tidb-operator/pkg/controller/service_control.go:192:				UpdateService				90.0%
github.com/pingcap/tidb-operator/pkg/controller/service_control.go:215:				DeleteService				0.0%
github.com/pingcap/tidb-operator/pkg/controller/stateful_set_control.go:53:			NewRealStatefuSetControl		100.0%
github.com/pingcap/tidb-operator/pkg/controller/stateful_set_control.go:58:			CreateStatefulSet			100.0%
github.com/pingcap/tidb-operator/pkg/controller/stateful_set_control.go:69:			UpdateStatefulSet			94.7%
github.com/pingcap/tidb-operator/pkg/controller/stateful_set_control.go:101:			DeleteStatefulSet			100.0%
github.com/pingcap/tidb-operator/pkg/controller/stateful_set_control.go:107:			recordStatefulSetEvent			100.0%
github.com/pingcap/tidb-operator/pkg/controller/stateful_set_control.go:138:			NewFakeStatefulSetControl		100.0%
github.com/pingcap/tidb-operator/pkg/controller/stateful_set_control.go:152:			SetCreateStatefulSetError		100.0%
github.com/pingcap/tidb-operator/pkg/controller/stateful_set_control.go:158:			SetUpdateStatefulSetError		100.0%
github.com/pingcap/tidb-operator/pkg/controller/stateful_set_control.go:164:			SetDeleteStatefulSetError		0.0%
github.com/pingcap/tidb-operator/pkg/controller/stateful_set_control.go:169:			SetStatusChange				100.0%
github.com/pingcap/tidb-operator/pkg/controller/stateful_set_control.go:174:			CreateStatefulSet			100.0%
github.com/pingcap/tidb-operator/pkg/controller/stateful_set_control.go:193:			UpdateStatefulSet			88.9%
github.com/pingcap/tidb-operator/pkg/controller/stateful_set_control.go:211:			DeleteStatefulSet			0.0%
github.com/pingcap/tidb-operator/pkg/controller/tidb_control.go:57:				NewDefaultTiDBControl			100.0%
github.com/pingcap/tidb-operator/pkg/controller/tidb_control.go:62:				GetHealth				0.0%
github.com/pingcap/tidb-operator/pkg/controller/tidb_control.go:80:				ResignDDLOwner				0.0%
github.com/pingcap/tidb-operator/pkg/controller/tidb_control.go:105:				GetInfo					0.0%
github.com/pingcap/tidb-operator/pkg/controller/tidb_control.go:136:				GetSettings				0.0%
github.com/pingcap/tidb-operator/pkg/controller/tidb_control.go:167:				getBodyOK				0.0%
github.com/pingcap/tidb-operator/pkg/controller/tidb_control.go:196:				NewFakeTiDBControl			100.0%
github.com/pingcap/tidb-operator/pkg/controller/tidb_control.go:201:				SetHealth				100.0%
github.com/pingcap/tidb-operator/pkg/controller/tidb_control.go:206:				NotDDLOwner				100.0%
github.com/pingcap/tidb-operator/pkg/controller/tidb_control.go:211:				SetResignDDLOwnerError			100.0%
github.com/pingcap/tidb-operator/pkg/controller/tidb_control.go:215:				GetHealth				100.0%
github.com/pingcap/tidb-operator/pkg/controller/tidb_control.go:219:				ResignDDLOwner				100.0%
github.com/pingcap/tidb-operator/pkg/controller/tidb_control.go:223:				GetInfo					0.0%
github.com/pingcap/tidb-operator/pkg/controller/tidb_control.go:227:				GetSettings				0.0%
github.com/pingcap/tidb-operator/pkg/controller/tidbcluster/tidb_cluster_control.go:36:		NewDefaultTidbClusterControl		100.0%
github.com/pingcap/tidb-operator/pkg/controller/tidbcluster/tidb_cluster_control.go:69:		UpdateTidbCluster			66.7%
github.com/pingcap/tidb-operator/pkg/controller/tidbcluster/tidb_cluster_control.go:86:		updateTidbCluster			90.9%
github.com/pingcap/tidb-operator/pkg/controller/tidbcluster/tidb_cluster_controller.go:70:	NewController				94.7%
github.com/pingcap/tidb-operator/pkg/controller/tidbcluster/tidb_cluster_controller.go:206:	Run					0.0%
github.com/pingcap/tidb-operator/pkg/controller/tidbcluster/tidb_cluster_controller.go:225:	worker					0.0%
github.com/pingcap/tidb-operator/pkg/controller/tidbcluster/tidb_cluster_controller.go:233:	processNextWorkItem			0.0%
github.com/pingcap/tidb-operator/pkg/controller/tidbcluster/tidb_cluster_controller.go:253:	sync					0.0%
github.com/pingcap/tidb-operator/pkg/controller/tidbcluster/tidb_cluster_controller.go:275:	syncTidbCluster				0.0%
github.com/pingcap/tidb-operator/pkg/controller/tidbcluster/tidb_cluster_controller.go:280:	enqueueTidbCluster			60.0%
github.com/pingcap/tidb-operator/pkg/controller/tidbcluster/tidb_cluster_controller.go:290:	addStatefulSet				100.0%
github.com/pingcap/tidb-operator/pkg/controller/tidbcluster/tidb_cluster_controller.go:312:	updateStatefuSet			100.0%
github.com/pingcap/tidb-operator/pkg/controller/tidbcluster/tidb_cluster_controller.go:333:	deleteStatefulSet			47.1%
github.com/pingcap/tidb-operator/pkg/controller/tidbcluster/tidb_cluster_controller.go:366:	resolveTidbClusterFromSet		81.8%
github.com/pingcap/tidb-operator/pkg/controller/tidbcluster_control.go:46:			NewRealTidbClusterControl		100.0%
github.com/pingcap/tidb-operator/pkg/controller/tidbcluster_control.go:56:			UpdateTidbCluster			84.2%
github.com/pingcap/tidb-operator/pkg/controller/tidbcluster_control.go:89:			recordTidbClusterEvent			0.0%
github.com/pingcap/tidb-operator/pkg/controller/tidbcluster_control.go:104:			deepEqualExceptHeartbeatTime		100.0%
github.com/pingcap/tidb-operator/pkg/controller/tidbcluster_control.go:113:			sweepHeartbeatTime			100.0%
github.com/pingcap/tidb-operator/pkg/controller/tidbcluster_control.go:128:			NewFakeTidbClusterControl		100.0%
github.com/pingcap/tidb-operator/pkg/controller/tidbcluster_control.go:137:			SetUpdateTidbClusterError		0.0%
github.com/pingcap/tidb-operator/pkg/controller/tidbcluster_control.go:143:			UpdateTidbCluster			0.0%
github.com/pingcap/tidb-operator/pkg/discovery/discovery.go:48:					NewTiDBDiscovery			0.0%
github.com/pingcap/tidb-operator/pkg/discovery/discovery.go:58:					Discover				100.0%
github.com/pingcap/tidb-operator/pkg/discovery/discovery.go:114:				realTCGetFn				0.0%
github.com/pingcap/tidb-operator/pkg/discovery/server/mux.go:33:				StartServer				0.0%
github.com/pingcap/tidb-operator/pkg/discovery/server/mux.go:44:				newHandler				0.0%
github.com/pingcap/tidb-operator/pkg/features/features.go:50:					AddFlag					0.0%
github.com/pingcap/tidb-operator/pkg/features/features.go:54:					Enabled					0.0%
github.com/pingcap/tidb-operator/pkg/features/features.go:61:					NewFeatureGate				100.0%
github.com/pingcap/tidb-operator/pkg/httputil/httputil.go:14:					DeferClose				50.0%
github.com/pingcap/tidb-operator/pkg/httputil/httputil.go:22:					ReadErrorBody				75.0%
github.com/pingcap/tidb-operator/pkg/httputil/httputil.go:31:					GetBodyOK				63.6%
github.com/pingcap/tidb-operator/pkg/label/label.go:74:						New					100.0%
github.com/pingcap/tidb-operator/pkg/label/label.go:82:						Instance				100.0%
github.com/pingcap/tidb-operator/pkg/label/label.go:88:						Namespace				100.0%
github.com/pingcap/tidb-operator/pkg/label/label.go:94:						Component				100.0%
github.com/pingcap/tidb-operator/pkg/label/label.go:100:					ComponentType				100.0%
github.com/pingcap/tidb-operator/pkg/label/label.go:105:					PD					100.0%
github.com/pingcap/tidb-operator/pkg/label/label.go:111:					IsPD					100.0%
github.com/pingcap/tidb-operator/pkg/label/label.go:116:					TiDB					100.0%
github.com/pingcap/tidb-operator/pkg/label/label.go:122:					TiKV					100.0%
github.com/pingcap/tidb-operator/pkg/label/label.go:128:					IsTiKV					100.0%
github.com/pingcap/tidb-operator/pkg/label/label.go:133:					IsTiDB					100.0%
github.com/pingcap/tidb-operator/pkg/label/label.go:138:					Selector				100.0%
github.com/pingcap/tidb-operator/pkg/label/label.go:143:					LabelSelector				100.0%
github.com/pingcap/tidb-operator/pkg/label/label.go:148:					Labels					100.0%
github.com/pingcap/tidb-operator/pkg/label/label.go:153:					String					0.0%
github.com/pingcap/tidb-operator/pkg/manager/member/orphan_pods_cleaner.go:42:			NewOrphanPodsCleaner			100.0%
github.com/pingcap/tidb-operator/pkg/manager/member/orphan_pods_cleaner.go:48:			Clean					90.6%
github.com/pingcap/tidb-operator/pkg/manager/member/orphan_pods_cleaner.go:103:			NewFakeOrphanPodsCleaner		100.0%
github.com/pingcap/tidb-operator/pkg/manager/member/orphan_pods_cleaner.go:107:			Clean					100.0%
github.com/pingcap/tidb-operator/pkg/manager/member/pd_failover.go:43:				NewPDFailover				100.0%
github.com/pingcap/tidb-operator/pkg/manager/member/pd_failover.go:62:				Failover				100.0%
github.com/pingcap/tidb-operator/pkg/manager/member/pd_failover.go:100:				Recover					100.0%
github.com/pingcap/tidb-operator/pkg/manager/member/pd_failover.go:104:				tryToMarkAPeerAsFailure			90.5%
github.com/pingcap/tidb-operator/pkg/manager/member/pd_failover.go:144:				tryToDeleteAFailureMember		89.2%
github.com/pingcap/tidb-operator/pkg/manager/member/pd_failover.go:207:				setMemberDeleted			100.0%
github.com/pingcap/tidb-operator/pkg/manager/member/pd_failover.go:216:				NewFakePDFailover			100.0%
github.com/pingcap/tidb-operator/pkg/manager/member/pd_failover.go:220:				Failover				100.0%
github.com/pingcap/tidb-operator/pkg/manager/member/pd_failover.go:224:				Recover					0.0%
github.com/pingcap/tidb-operator/pkg/manager/member/pd_member_manager.go:54:			NewPDMemberManager			100.0%
github.com/pingcap/tidb-operator/pkg/manager/member/pd_member_manager.go:83:			Sync					100.0%
github.com/pingcap/tidb-operator/pkg/manager/member/pd_member_manager.go:98:			syncPDServiceForTidbCluster		84.0%
github.com/pingcap/tidb-operator/pkg/manager/member/pd_member_manager.go:137:			syncPDHeadlessServiceForTidbCluster	56.5%
github.com/pingcap/tidb-operator/pkg/manager/member/pd_member_manager.go:172:			syncPDStatefulSetForTidbCluster		83.3%
github.com/pingcap/tidb-operator/pkg/manager/member/pd_member_manager.go:242:			updateStatefulSet			81.8%
github.com/pingcap/tidb-operator/pkg/manager/member/pd_member_manager.go:259:			syncTidbClusterStatus			81.6%
github.com/pingcap/tidb-operator/pkg/manager/member/pd_member_manager.go:342:			getNewPDServiceForTidbCluster		100.0%
github.com/pingcap/tidb-operator/pkg/manager/member/pd_member_manager.go:371:			getNewPDHeadlessServiceForTidbCluster	100.0%
github.com/pingcap/tidb-operator/pkg/manager/member/pd_member_manager.go:400:			pdStatefulSetIsUpgrading		86.7%
github.com/pingcap/tidb-operator/pkg/manager/member/pd_member_manager.go:427:			getNewPDSetForTidbCluster		90.0%
github.com/pingcap/tidb-operator/pkg/manager/member/pd_member_manager.go:594:			NewFakePDMemberManager			100.0%
github.com/pingcap/tidb-operator/pkg/manager/member/pd_member_manager.go:598:			SetSyncError				100.0%
github.com/pingcap/tidb-operator/pkg/manager/member/pd_member_manager.go:602:			Sync					100.0%
github.com/pingcap/tidb-operator/pkg/manager/member/pd_scaler.go:35:				NewPDScaler				100.0%
github.com/pingcap/tidb-operator/pkg/manager/member/pd_scaler.go:41:				ScaleOut				100.0%
github.com/pingcap/tidb-operator/pkg/manager/member/pd_scaler.go:86:				ScaleIn					100.0%
github.com/pingcap/tidb-operator/pkg/manager/member/pd_scaler.go:134:				NewFakePDScaler				100.0%
github.com/pingcap/tidb-operator/pkg/manager/member/pd_scaler.go:138:				ScaleOut				100.0%
github.com/pingcap/tidb-operator/pkg/manager/member/pd_scaler.go:143:				ScaleIn					0.0%
github.com/pingcap/tidb-operator/pkg/manager/member/pd_upgrader.go:33:				NewPDUpgrader				100.0%
github.com/pingcap/tidb-operator/pkg/manager/member/pd_upgrader.go:43:				Upgrade					100.0%
github.com/pingcap/tidb-operator/pkg/manager/member/pd_upgrader.go:47:				forceUpgrade				0.0%
github.com/pingcap/tidb-operator/pkg/manager/member/pd_upgrader.go:53:				gracefulUpgrade				86.4%
github.com/pingcap/tidb-operator/pkg/manager/member/pd_upgrader.go:91:				upgradePDPod				93.3%
github.com/pingcap/tidb-operator/pkg/manager/member/pd_upgrader.go:114:				transferPDLeaderTo			100.0%
github.com/pingcap/tidb-operator/pkg/manager/member/pd_upgrader.go:121:				NewFakePDUpgrader			100.0%
github.com/pingcap/tidb-operator/pkg/manager/member/pd_upgrader.go:125:				Upgrade					100.0%
github.com/pingcap/tidb-operator/pkg/manager/member/scaler.go:48:				deleteDeferDeletingPVC			93.8%
github.com/pingcap/tidb-operator/pkg/manager/member/scaler.go:76:				resetReplicas				100.0%
github.com/pingcap/tidb-operator/pkg/manager/member/scaler.go:79:				increaseReplicas			100.0%
github.com/pingcap/tidb-operator/pkg/manager/member/scaler.go:82:				decreaseReplicas			100.0%
github.com/pingcap/tidb-operator/pkg/manager/member/scaler.go:86:				ordinalPVCName				100.0%
github.com/pingcap/tidb-operator/pkg/manager/member/scaler.go:90:				ordinalPodName				100.0%
github.com/pingcap/tidb-operator/pkg/manager/member/tidb_failover.go:28:			NewTiDBFailover				100.0%
github.com/pingcap/tidb-operator/pkg/manager/member/tidb_failover.go:34:			Failover				93.8%
github.com/pingcap/tidb-operator/pkg/manager/member/tidb_failover.go:62:			Recover					100.0%
github.com/pingcap/tidb-operator/pkg/manager/member/tidb_failover.go:69:			NewFakeTiDBFailover			100.0%
github.com/pingcap/tidb-operator/pkg/manager/member/tidb_failover.go:73:			Failover				100.0%
github.com/pingcap/tidb-operator/pkg/manager/member/tidb_failover.go:77:			Recover					0.0%
github.com/pingcap/tidb-operator/pkg/manager/member/tidb_member_manager.go:55:			NewTiDBMemberManager			100.0%
github.com/pingcap/tidb-operator/pkg/manager/member/tidb_member_manager.go:78:			Sync					85.7%
github.com/pingcap/tidb-operator/pkg/manager/member/tidb_member_manager.go:95:			syncTiDBHeadlessServiceForTidbCluster	58.3%
github.com/pingcap/tidb-operator/pkg/manager/member/tidb_member_manager.go:132:			syncTiDBStatefulSetForTidbCluster	78.9%
github.com/pingcap/tidb-operator/pkg/manager/member/tidb_member_manager.go:191:			getNewTiDBHeadlessServiceForTidbCluster	100.0%
github.com/pingcap/tidb-operator/pkg/manager/member/tidb_member_manager.go:220:			getNewTiDBSetForTidbCluster		100.0%
github.com/pingcap/tidb-operator/pkg/manager/member/tidb_member_manager.go:369:			syncTidbClusterStatus			92.0%
github.com/pingcap/tidb-operator/pkg/manager/member/tidb_member_manager.go:413:			tidbStatefulSetIsUpgrading		86.7%
github.com/pingcap/tidb-operator/pkg/manager/member/tidb_member_manager.go:444:			NewFakeTiDBMemberManager		100.0%
github.com/pingcap/tidb-operator/pkg/manager/member/tidb_member_manager.go:448:			SetSyncError				100.0%
github.com/pingcap/tidb-operator/pkg/manager/member/tidb_member_manager.go:452:			Sync					100.0%
github.com/pingcap/tidb-operator/pkg/manager/member/tidb_upgrader.go:34:			NewTiDBUpgrader				100.0%
github.com/pingcap/tidb-operator/pkg/manager/member/tidb_upgrader.go:41:			Upgrade					84.6%
github.com/pingcap/tidb-operator/pkg/manager/member/tidb_upgrader.go:83:			upgradeTiDBPod				100.0%
github.com/pingcap/tidb-operator/pkg/manager/member/tidb_upgrader.go:103:			NewFakeTiDBUpgrader			100.0%
github.com/pingcap/tidb-operator/pkg/manager/member/tidb_upgrader.go:107:			Upgrade					100.0%
github.com/pingcap/tidb-operator/pkg/manager/member/tikv_failover.go:27:			NewTiKVFailover				100.0%
github.com/pingcap/tidb-operator/pkg/manager/member/tikv_failover.go:31:			Failover				100.0%
github.com/pingcap/tidb-operator/pkg/manager/member/tikv_failover.go:59:			Recover					0.0%
github.com/pingcap/tidb-operator/pkg/manager/member/tikv_failover.go:66:			NewFakeTiKVFailover			100.0%
github.com/pingcap/tidb-operator/pkg/manager/member/tikv_failover.go:70:			Failover				0.0%
github.com/pingcap/tidb-operator/pkg/manager/member/tikv_failover.go:74:			Recover					0.0%
github.com/pingcap/tidb-operator/pkg/manager/member/tikv_member_manager.go:57:			NewTiKVMemberManager			100.0%
github.com/pingcap/tidb-operator/pkg/manager/member/tikv_member_manager.go:95:			Sync					100.0%
github.com/pingcap/tidb-operator/pkg/manager/member/tikv_member_manager.go:120:			syncServiceForTidbCluster		56.0%
github.com/pingcap/tidb-operator/pkg/manager/member/tikv_member_manager.go:159:			syncStatefulSetForTidbCluster		71.7%
github.com/pingcap/tidb-operator/pkg/manager/member/tikv_member_manager.go:237:			getNewServiceForTidbCluster		90.0%
github.com/pingcap/tidb-operator/pkg/manager/member/tikv_member_manager.go:271:			getNewSetForTidbCluster			96.3%
github.com/pingcap/tidb-operator/pkg/manager/member/tikv_member_manager.go:409:			volumeClaimTemplate			100.0%
github.com/pingcap/tidb-operator/pkg/manager/member/tikv_member_manager.go:426:			labelTiKV				100.0%
github.com/pingcap/tidb-operator/pkg/manager/member/tikv_member_manager.go:431:			syncTidbClusterStatus			97.6%
github.com/pingcap/tidb-operator/pkg/manager/member/tikv_member_manager.go:498:			getTiKVStore				100.0%
github.com/pingcap/tidb-operator/pkg/manager/member/tikv_member_manager.go:516:			setStoreLabelsForTiKV			94.1%
github.com/pingcap/tidb-operator/pkg/manager/member/tikv_member_manager.go:572:			getNodeLabels				100.0%
github.com/pingcap/tidb-operator/pkg/manager/member/tikv_member_manager.go:598:			storeLabelsEqualNodeLabels		100.0%
github.com/pingcap/tidb-operator/pkg/manager/member/tikv_member_manager.go:610:			tikvStatefulSetIsUpgrading		87.5%
github.com/pingcap/tidb-operator/pkg/manager/member/tikv_member_manager.go:640:			NewFakeTiKVMemberManager		100.0%
github.com/pingcap/tidb-operator/pkg/manager/member/tikv_member_manager.go:644:			SetSyncError				100.0%
github.com/pingcap/tidb-operator/pkg/manager/member/tikv_member_manager.go:648:			Sync					100.0%
github.com/pingcap/tidb-operator/pkg/manager/member/tikv_scaler.go:36:				NewTiKVScaler				100.0%
github.com/pingcap/tidb-operator/pkg/manager/member/tikv_scaler.go:43:				ScaleOut				100.0%
github.com/pingcap/tidb-operator/pkg/manager/member/tikv_scaler.go:59:				ScaleIn					91.8%
github.com/pingcap/tidb-operator/pkg/manager/member/tikv_scaler.go:141:				NewFakeTiKVScaler			100.0%
github.com/pingcap/tidb-operator/pkg/manager/member/tikv_scaler.go:145:				ScaleOut				100.0%
github.com/pingcap/tidb-operator/pkg/manager/member/tikv_scaler.go:150:				ScaleIn					0.0%
github.com/pingcap/tidb-operator/pkg/manager/member/tikv_upgrader.go:44:			NewTiKVUpgrader				100.0%
github.com/pingcap/tidb-operator/pkg/manager/member/tikv_upgrader.go:54:			Upgrade					78.8%
github.com/pingcap/tidb-operator/pkg/manager/member/tikv_upgrader.go:109:			upgradeTiKVPod				82.6%
github.com/pingcap/tidb-operator/pkg/manager/member/tikv_upgrader.go:146:			readyToUpgrade				80.0%
github.com/pingcap/tidb-operator/pkg/manager/member/tikv_upgrader.go:163:			beginEvictLeader			100.0%
github.com/pingcap/tidb-operator/pkg/manager/member/tikv_upgrader.go:176:			endEvictLeader				72.7%
github.com/pingcap/tidb-operator/pkg/manager/member/tikv_upgrader.go:197:			getStoreByOrdinal			80.0%
github.com/pingcap/tidb-operator/pkg/manager/member/tikv_upgrader.go:210:			NewFakeTiKVUpgrader			100.0%
github.com/pingcap/tidb-operator/pkg/manager/member/tikv_upgrader.go:214:			Upgrade					0.0%
github.com/pingcap/tidb-operator/pkg/manager/member/utils.go:38:				annotationsMountVolume			100.0%
github.com/pingcap/tidb-operator/pkg/manager/member/utils.go:57:				statefulSetIsUpgrading			100.0%
github.com/pingcap/tidb-operator/pkg/manager/member/utils.go:71:				SetLastAppliedConfigAnnotation		84.6%
github.com/pingcap/tidb-operator/pkg/manager/member/utils.go:93:				GetLastAppliedConfig			80.0%
github.com/pingcap/tidb-operator/pkg/manager/member/utils.go:117:				encode					75.0%
github.com/pingcap/tidb-operator/pkg/manager/member/utils.go:126:				statefulSetEqual			62.5%
github.com/pingcap/tidb-operator/pkg/manager/member/utils.go:142:				templateEqual				62.5%
github.com/pingcap/tidb-operator/pkg/manager/member/utils.go:156:				SetServiceLastAppliedConfigAnnotation	85.7%
github.com/pingcap/tidb-operator/pkg/manager/member/utils.go:169:				serviceEqual				62.5%
github.com/pingcap/tidb-operator/pkg/manager/member/utils.go:183:				setUpgradePartition			100.0%
github.com/pingcap/tidb-operator/pkg/manager/member/utils.go:187:				imagePullFailed				0.0%
github.com/pingcap/tidb-operator/pkg/manager/member/utils.go:197:				tikvPodName				100.0%
github.com/pingcap/tidb-operator/pkg/manager/member/utils.go:201:				pdPodName				100.0%
github.com/pingcap/tidb-operator/pkg/manager/member/utils.go:205:				tidbPodName				100.0%
github.com/pingcap/tidb-operator/pkg/manager/member/utils.go:210:				CombineAnnotations			60.0%
github.com/pingcap/tidb-operator/pkg/manager/member/utils.go:221:				needForceUpgrade			100.0%
github.com/pingcap/tidb-operator/pkg/manager/meta/meta_manager.go:39:				NewMetaManager				100.0%
github.com/pingcap/tidb-operator/pkg/manager/meta/meta_manager.go:57:				Sync					86.2%
github.com/pingcap/tidb-operator/pkg/manager/meta/meta_manager.go:107:				resolvePVCFromPod			92.3%
github.com/pingcap/tidb-operator/pkg/manager/meta/meta_manager.go:137:				NewFakeMetaManager			100.0%
github.com/pingcap/tidb-operator/pkg/manager/meta/meta_manager.go:141:				SetSyncError				100.0%
github.com/pingcap/tidb-operator/pkg/manager/meta/meta_manager.go:145:				Sync					100.0%
github.com/pingcap/tidb-operator/pkg/manager/meta/reclaim_policy_manager.go:31:			NewReclaimPolicyManager			100.0%
github.com/pingcap/tidb-operator/pkg/manager/meta/reclaim_policy_manager.go:41:			Sync					75.0%
github.com/pingcap/tidb-operator/pkg/manager/meta/reclaim_policy_manager.go:82:			NewFakeReclaimPolicyManager		100.0%
github.com/pingcap/tidb-operator/pkg/manager/meta/reclaim_policy_manager.go:86:			SetSyncError				100.0%
github.com/pingcap/tidb-operator/pkg/manager/meta/reclaim_policy_manager.go:90:			Sync					100.0%
github.com/pingcap/tidb-operator/pkg/pdapi/pdapi.go:55:						NewDefaultPDControl			100.0%
github.com/pingcap/tidb-operator/pkg/pdapi/pdapi.go:60:						GetPDClient				83.3%
github.com/pingcap/tidb-operator/pkg/pdapi/pdapi.go:71:						pdClientKey				100.0%
github.com/pingcap/tidb-operator/pkg/pdapi/pdapi.go:76:						PdClientURL				0.0%
github.com/pingcap/tidb-operator/pkg/pdapi/pdapi.go:137:					NewPDClient				100.0%
github.com/pingcap/tidb-operator/pkg/pdapi/pdapi.go:208:					GetHealth				77.8%
github.com/pingcap/tidb-operator/pkg/pdapi/pdapi.go:224:					GetConfig				77.8%
github.com/pingcap/tidb-operator/pkg/pdapi/pdapi.go:238:					GetCluster				77.8%
github.com/pingcap/tidb-operator/pkg/pdapi/pdapi.go:252:					GetMembers				77.8%
github.com/pingcap/tidb-operator/pkg/pdapi/pdapi.go:266:					GetStores				77.8%
github.com/pingcap/tidb-operator/pkg/pdapi/pdapi.go:280:					GetTombStoneStores			0.0%
github.com/pingcap/tidb-operator/pkg/pdapi/pdapi.go:294:					GetStore				77.8%
github.com/pingcap/tidb-operator/pkg/pdapi/pdapi.go:308:					DeleteStore				79.2%
github.com/pingcap/tidb-operator/pkg/pdapi/pdapi.go:346:					DeleteMemberByID			86.4%
github.com/pingcap/tidb-operator/pkg/pdapi/pdapi.go:378:					DeleteMember				86.4%
github.com/pingcap/tidb-operator/pkg/pdapi/pdapi.go:410:					SetStoreLabels				83.3%
github.com/pingcap/tidb-operator/pkg/pdapi/pdapi.go:428:					BeginEvictLeader			0.0%
github.com/pingcap/tidb-operator/pkg/pdapi/pdapi.go:465:					EndEvictLeader				0.0%
github.com/pingcap/tidb-operator/pkg/pdapi/pdapi.go:507:					GetEvictLeaderSchedulers		0.0%
github.com/pingcap/tidb-operator/pkg/pdapi/pdapi.go:527:					GetPDLeader				0.0%
github.com/pingcap/tidb-operator/pkg/pdapi/pdapi.go:541:					TransferPDLeader			0.0%
github.com/pingcap/tidb-operator/pkg/pdapi/pdapi.go:559:					getBodyOK				0.0%
github.com/pingcap/tidb-operator/pkg/pdapi/pdapi.go:576:					getLeaderEvictSchedulerInfo		0.0%
github.com/pingcap/tidb-operator/pkg/pdapi/pdapi.go:580:					getLeaderEvictSchedulerStr		0.0%
github.com/pingcap/tidb-operator/pkg/pdapi/pdapi.go:588:					NewFakePDControl			100.0%
github.com/pingcap/tidb-operator/pkg/pdapi/pdapi.go:594:					SetPDClient				100.0%
github.com/pingcap/tidb-operator/pkg/pdapi/pdapi.go:623:					Error					0.0%
github.com/pingcap/tidb-operator/pkg/pdapi/pdapi.go:639:					NewFakePDClient				100.0%
github.com/pingcap/tidb-operator/pkg/pdapi/pdapi.go:643:					AddReaction				100.0%
github.com/pingcap/tidb-operator/pkg/pdapi/pdapi.go:648:					fakeAPI					100.0%
github.com/pingcap/tidb-operator/pkg/pdapi/pdapi.go:659:					GetHealth				100.0%
github.com/pingcap/tidb-operator/pkg/pdapi/pdapi.go:668:					GetConfig				80.0%
github.com/pingcap/tidb-operator/pkg/pdapi/pdapi.go:677:					GetCluster				100.0%
github.com/pingcap/tidb-operator/pkg/pdapi/pdapi.go:686:					GetMembers				100.0%
github.com/pingcap/tidb-operator/pkg/pdapi/pdapi.go:695:					GetStores				100.0%
github.com/pingcap/tidb-operator/pkg/pdapi/pdapi.go:704:					GetTombStoneStores			100.0%
github.com/pingcap/tidb-operator/pkg/pdapi/pdapi.go:713:					GetStore				0.0%
github.com/pingcap/tidb-operator/pkg/pdapi/pdapi.go:724:					DeleteStore				40.0%
github.com/pingcap/tidb-operator/pkg/pdapi/pdapi.go:733:					DeleteMemberByID			80.0%
github.com/pingcap/tidb-operator/pkg/pdapi/pdapi.go:742:					DeleteMember				100.0%
github.com/pingcap/tidb-operator/pkg/pdapi/pdapi.go:752:					SetStoreLabels				80.0%
github.com/pingcap/tidb-operator/pkg/pdapi/pdapi.go:761:					BeginEvictLeader			80.0%
github.com/pingcap/tidb-operator/pkg/pdapi/pdapi.go:770:					EndEvictLeader				80.0%
github.com/pingcap/tidb-operator/pkg/pdapi/pdapi.go:779:					GetEvictLeaderSchedulers		0.0%
github.com/pingcap/tidb-operator/pkg/pdapi/pdapi.go:788:					GetPDLeader				40.0%
github.com/pingcap/tidb-operator/pkg/pdapi/pdapi.go:797:					TransferPDLeader			80.0%
github.com/pingcap/tidb-operator/pkg/scheduler/predicates/ha.go:50:				NewHA					0.0%
github.com/pingcap/tidb-operator/pkg/scheduler/predicates/ha.go:66:				Name					0.0%
github.com/pingcap/tidb-operator/pkg/scheduler/predicates/ha.go:73:				Filter					98.2%
github.com/pingcap/tidb-operator/pkg/scheduler/predicates/ha.go:163:				realAcquireLock				100.0%
github.com/pingcap/tidb-operator/pkg/scheduler/predicates/ha.go:217:				realPodListFn				0.0%
github.com/pingcap/tidb-operator/pkg/scheduler/predicates/ha.go:224:				realPodGetFn				0.0%
github.com/pingcap/tidb-operator/pkg/scheduler/predicates/ha.go:228:				realPVCListFn				0.0%
github.com/pingcap/tidb-operator/pkg/scheduler/predicates/ha.go:235:				realUpdatePVCFn				0.0%
github.com/pingcap/tidb-operator/pkg/scheduler/predicates/ha.go:240:				realPVCGetFn				0.0%
github.com/pingcap/tidb-operator/pkg/scheduler/predicates/ha.go:244:				realTCGetFn				0.0%
github.com/pingcap/tidb-operator/pkg/scheduler/predicates/ha.go:248:				setCurrentPodScheduling			100.0%
github.com/pingcap/tidb-operator/pkg/scheduler/predicates/ha.go:256:				getTCNameFromPod			100.0%
github.com/pingcap/tidb-operator/pkg/scheduler/predicates/ha.go:260:				getReplicasFrom				66.7%
github.com/pingcap/tidb-operator/pkg/scheduler/predicates/ha.go:268:				pvcName					100.0%
github.com/pingcap/tidb-operator/pkg/scheduler/predicates/ha.go:272:				GetNodeNames				100.0%
github.com/pingcap/tidb-operator/pkg/scheduler/predicates/ha.go:281:				getPodNameFromPVC			100.0%
github.com/pingcap/tidb-operator/pkg/scheduler/predicates/predicate.go:29:			getNodeFromNames			100.0%
github.com/pingcap/tidb-operator/pkg/scheduler/predicates/stable_scheduling.go:49:		NewStableScheduling			0.0%
github.com/pingcap/tidb-operator/pkg/scheduler/predicates/stable_scheduling.go:58:		Name					0.0%
github.com/pingcap/tidb-operator/pkg/scheduler/predicates/stable_scheduling.go:62:		findPreviousNodeInTC			85.7%
github.com/pingcap/tidb-operator/pkg/scheduler/predicates/stable_scheduling.go:74:		Filter					95.5%
github.com/pingcap/tidb-operator/pkg/scheduler/predicates/test_helper.go:21:			fakeThreeNodes				100.0%
github.com/pingcap/tidb-operator/pkg/scheduler/predicates/test_helper.go:38:			fakeFourNodes				100.0%
github.com/pingcap/tidb-operator/pkg/scheduler/predicates/test_helper.go:59:			fakeTwoNodes				100.0%
github.com/pingcap/tidb-operator/pkg/scheduler/predicates/test_helper.go:72:			fakeOneNode				100.0%
github.com/pingcap/tidb-operator/pkg/scheduler/predicates/test_helper.go:81:			fakeZeroNode				100.0%
github.com/pingcap/tidb-operator/pkg/scheduler/scheduler.go:50:					NewScheduler				0.0%
github.com/pingcap/tidb-operator/pkg/scheduler/scheduler.go:76:					Filter					95.8%
github.com/pingcap/tidb-operator/pkg/scheduler/scheduler.go:122:				Priority				100.0%
github.com/pingcap/tidb-operator/pkg/scheduler/server/mux.go:40:				StartServer				0.0%
github.com/pingcap/tidb-operator/pkg/scheduler/server/mux.go:65:				filterNode				0.0%
github.com/pingcap/tidb-operator/pkg/scheduler/server/mux.go:87:				prioritizeNode				0.0%
github.com/pingcap/tidb-operator/pkg/scheduler/server/mux.go:106:				errorResponse				0.0%
github.com/pingcap/tidb-operator/pkg/util/flags/map_string_bool.go:52:				NewMapStringBool			0.0%
github.com/pingcap/tidb-operator/pkg/util/flags/map_string_bool.go:57:				String					0.0%
github.com/pingcap/tidb-operator/pkg/util/flags/map_string_bool.go:70:				Set					0.0%
github.com/pingcap/tidb-operator/pkg/util/flags/map_string_bool.go:99:				Type					0.0%
github.com/pingcap/tidb-operator/pkg/util/flags/map_string_bool.go:104:				Empty					0.0%
github.com/pingcap/tidb-operator/pkg/util/util.go:29:						ResourceRequirement			100.0%
github.com/pingcap/tidb-operator/pkg/util/util.go:81:						GetOrdinalFromPodName			100.0%
github.com/pingcap/tidb-operator/pkg/util/util.go:90:						GetNextOrdinalPodName			100.0%
github.com/pingcap/tidb-operator/pkg/webhook/route/route.go:32:					marshalAndWrite				0.0%
github.com/pingcap/tidb-operator/pkg/webhook/route/route.go:46:					serve					0.0%
github.com/pingcap/tidb-operator/pkg/webhook/route/route.go:95:					ServeStatefulSets			0.0%
github.com/pingcap/tidb-operator/pkg/webhook/statefulset/statefulset.go:38:			init					100.0%
github.com/pingcap/tidb-operator/pkg/webhook/statefulset/statefulset.go:42:			AdmitStatefulSets			0.0%
github.com/pingcap/tidb-operator/pkg/webhook/util/scheme.go:27:					init					100.0%
github.com/pingcap/tidb-operator/pkg/webhook/util/scheme.go:31:					addToScheme				100.0%
github.com/pingcap/tidb-operator/pkg/webhook/util/scheme.go:37:					GetCodec				100.0%
github.com/pingcap/tidb-operator/pkg/webhook/util/util.go:25:					ARFail					0.0%
github.com/pingcap/tidb-operator/pkg/webhook/util/util.go:36:					ARSuccess				0.0%
github.com/pingcap/tidb-operator/pkg/webhook/util/util.go:43:					ConfigTLS				0.0%
github.com/pingcap/tidb-operator/pkg/webhook/webhook.go:35:					NewWebHookServer			0.0%
github.com/pingcap/tidb-operator/pkg/webhook/webhook.go:57:					Run					0.0%
github.com/pingcap/tidb-operator/pkg/webhook/webhook.go:61:					Shutdown				0.0%
total:												(statements)				74.2%
